---------------------------------------------------------------------------
      name:  <unnamed>
       log:  /Users/lsh152058/Desktop/GitHub/ethnicity-short-data-report/lo
> gs/00_describe_snomed_ethnicity.log
  log type:  text
 opened on:  22 Jul 2021, 11:38:33

. 
. *create stata version of codelists for merginng
. import delimited ./codelists/opensafely-ethnicity-uk-categories-.csv, cle
> ar
(2 vars, 610 obs)

. format code %20.0f

. tostring code, gen(snomedcode) format(%20.0g)
snomedcode generated as str16

. save ./output/opensafely-ethnicity-uk-categories_formerge.dta, replace
file ./output/opensafely-ethnicity-uk-categories_formerge.dta saved

. 
. clear

. import delimited ./output/input.csv
(604 vars, 1,000 obs)

. 
. 
. order patient_id

. 
. *collapse count of each ethincity code 
. collapse (sum) eth_*

. 
. *reshape long
. gen ethnicity=1

. reshape long eth_, i(ethnicity) j(snomedcode)
(note: j = 286009 1340002 1451003 1919006 2688009 2720008 2852001 3353005 3
> 698008 3818007 4073004 4299001 6373008 7695005 8124001 9158000 9533000 10
> 008004 10117001 10292001 10432001 11794009 12556008 13233008 13440006 140
> 45001 14176005 14470009 14999008 15086000 15801006 17095009 17789004 1816
> 7009 18575005 18583004 18664001 19085009 19434008 20140003 20291009 20449
> 009 21047009 21868006 21993009 22007004 23517005 23534002 23922002 248120
> 03 25750005 25804004 26215007 27301002 27683006 27700004 28409002 2856200
> 6 28796001 28821007 29343004 31637002 32045009 32513008 32873005 33182009
>  33897005 34334001 35007000 36329002 37474002 37843006 38144004 38361009 
> 38750003 39007007 39764005 40165009 40182006 41076003 41798002 42632009 4
> 3056000 43608005 43890005 44460002 45465003 46110004 46723002 47250000 47
> 327008 48118002 48294008 48375000 48393004 48679001 49202008 50405005 517
> 50002 51827000 52075006 53195006 53460002 55990000 56056003 57405008 5753
> 9009 58047002 59366001 59487007 59597001 60157000 62598008 63457007 63732
> 001 63736003 64483007 64693008 65776006 66406004 66920001 67165000 674390
> 05 67931002 68486007 69865008 69983001 71176007 71949006 72201005 7224800
> 7 72337002 72809004 73524008 73736004 74159009 74302004 75301003 75326007
>  75704009 76253004 76460008 76574004 76768002 76775001 76883002 77502007 
> 77686000 79434006 80208004 80528001 81035008 81283004 81403004 81560001 8
> 1653003 81846005 82174001 83365001 83584002 83939006 85163001 85371009 85
> 515006 86275006 87323008 88790004 88839008 88934004 89026003 90027003 903
> 48007 90822005 91066000 91191002 91488008 108342005 113169009 113170005 1
> 13171009 139955009 139960008 154159009 154160004 154161000 154162007 1541
> 63002 154164008 154165009 154166005 154167001 154168006 154169003 1541700
> 02 154171003 154172005 154173000 154174006 154175007 154176008 154177004 
> 154178009 154179001 154180003 154181004 154182006 154183001 154184007 154
> 185008 154186009 154187000 154188005 154189002 154190006 154191005 154192
> 003 154193008 154194002 154195001 154196000 154197009 154198004 154199007
>  154200005 154201009 154202002 154203007 154204001 154205000 154206004 15
> 4207008 154208003 154209006 154210001 154211002 154212009 154213004 15421
> 4005 154215006 154216007 154217003 154218008 154219000 154220006 15422100
> 5 154222003 154223008 154224002 154225001 154226000 154227009 154229007 1
> 60531006 162730000 162731001 162732008 162734009 162735005 185983003 1859
> 84009 185985005 185986006 185987002 185988007 185989004 185990008 1859910
> 07 185992000 185993005 185994004 185995003 185996002 185997006 185998001 
> 185999009 186000006 186001005 186002003 186003008 186004002 186005001 186
> 006000 186007009 186008004 186009007 186010002 186011003 186012005 186013
> 000 186014006 186015007 186016008 186017004 186018009 186019001 186020007
>  186021006 186022004 186023009 186024003 186025002 186026001 186027005 18
> 6028000 186029008 186030003 186031004 186032006 186033001 186034007 18603
> 5008 186036009 186037000 186039002 186040000 186041001 186042008 18604300
> 3 186044009 186045005 186046006 186047002 186048007 268914005 270460000 2
> 70461001 270462008 270463003 270464009 270465005 270466006 270467002 2755
> 86009 275587000 275588005 275589002 275590006 275591005 275592003 2755930
> 08 275594002 275595001 275596000 275597009 275599007 275600005 275601009 
> 275602002 309643000 309644006 312859007 312860002 312861003 315236000 315
> 237009 315238004 315239007 315240009 315279003 315280000 315281001 315282
> 008 315283003 315634007 315635008 364699009 365455004 365456003 367505005
>  372148003 393199009 394149000 394635008 397731000 398089004 401213008 40
> 1214002 413465009 413466005 413569000 414152003 414551003 414661004 41497
> 8006 445343003 704385002 704386001 704387005 704388000 704389008 70439000
> 4 704391000 704392007 718958002 718959005 718960000 718961001 718962008 7
> 18963003 718964009 733078003 733446001 735001008 763726001 870448005 4112
> 1000000107 43481000000100 44881000000100 44891000000103 77711000000105 82
> 121000000108 86461000000107 88911000000101 88921000000107 88931000000109 
> 88941000000100 88951000000102 88961000000104 88971000000106 8898100000010
> 8 88991000000105 89001000000105 89011000000107 89021000000101 89031000000
> 104 92381000000106 92391000000108 92401000000106 92411000000108 924210000
> 00102 92431000000100 92441000000109 92451000000107 92461000000105 9247100
> 0000103 92481000000101 92491000000104 92501000000105 92511000000107 92521
> 000000101 92531000000104 92541000000108 92551000000106 92561000000109 925
> 71000000102 92581000000100 92591000000103 92601000000109 92611000000106 9
> 2621000000100 92631000000103 92641000000107 92651000000105 92661000000108
>  92671000000101 92681000000104 92691000000102 92701000000102 927110000001
> 00 92721000000106 92731000000108 92741000000104 92751000000101 9276100000
> 0103 92771000000105 92781000000107 92791000000109 93921000000101 93931000
> 000104 93941000000108 93951000000106 93961000000109 93981000000100 939910
> 00000103 94001000000108 94011000000105 94021000000104 94031000000102 9404
> 1000000106 94051000000109 94061000000107 94071000000100 94081000000103 94
> 091000000101 94101000000109 94111000000106 94121000000100 94131000000103 
> 94141000000107 94151000000105 107691000000105 110401000000103 11075100000
> 0108 110761000000106 110771000000104 110781000000102 110791000000100 1108
> 31000000107 296841000000102 494131000000105 494161000000100 5187010000001
> 03 518721000000107 519681000000108 583481000000105 583491000000107 591311
> 000000105 592491000000104 592501000000105 651601000000100 661731000000107
>  661741000000103 666871000000107 668681000000107 710011000000101 71802100
> 0000105 718131000000106 976551000000109 976571000000100 976591000000101 9
> 76611000000109 976631000000101 976651000000108 976671000000104 9766910000
> 00100 976711000000103 976721000000109 976731000000106 976741000000102 976
> 751000000104 976761000000101 976771000000108 976781000000105 976791000000
> 107 976811000000108 976831000000100 976851000000107 976871000000103 97689
> 1000000104 976911000000101 976931000000109 976951000000102 97696100000010
> 4 976971000000106 976981000000108 977351000000100 977371000000109 9773910
> 00000108 977401000000106 977411000000108 977421000000102 977431000000100 
> 977441000000109 977551000000106 977561000000109 977591000000103 977711000
> 000100 977731000000108 977751000000101 977771000000105 977791000000109 97
> 7811000000105 977831000000102 977851000000109 977861000000107 97787100000
> 0100 977881000000103 977911000000103 977931000000106 977951000000104 9779
> 71000000108 978011000000101 978031000000109 978041000000100 9780510000001
> 02 978061000000104 978071000000106 978111000000100 978171000000105 978191
> 000000109 978211000000108 978231000000100 978251000000107 978271000000103
>  978341000000102 978361000000101 978381000000105 978391000000107 97840100
> 0000105 978411000000107 1024701000000100 1036211000000103 103625100000010
> 4 1036281000000105 1036301000000106 1036321000000102 1036341000000109 103
> 6361000000105)

Data                               wide   ->   long
---------------------------------------------------------------------------
> --
Number of obs.                        1   ->     598
Number of variables                 599   ->       3
j variable (598 values)                   ->   snomedcode
xij variables:
eth_286009 eth_1340002 ... eth_1036361000000105->eth_
---------------------------------------------------------------------------
> --

. ren eth_ snomedcode_count

. 
. format snomedcode %20.0f

. tostring snomedcode, replace format(%20.0g)
snomedcode was double now str16

. 
. *merge with codelist for descriptors
. merge 1:1 snomedcode using ./output/opensafely-ethnicity-uk-categories_fo
> rmerge.dta

    Result                           # of obs.
    -----------------------------------------
    not matched                            12
        from master                         0  (_merge==1)
        from using                         12  (_merge==2)

    matched                               598  (_merge==3)
    -----------------------------------------

. 
. gen include=0

. replace include=1 if _merge==3
(598 real changes made)

. replace include=0 if snomedcode_count==0
(0 real changes made)

. tab include

    include |      Freq.     Percent        Cum.
------------+-----------------------------------
          0 |         12        1.97        1.97
          1 |        598       98.03      100.00
------------+-----------------------------------
      Total |        610      100.00

. drop code

. save ./output/snomed_ethnicity_counts.dta, replace
file ./output/snomed_ethnicity_counts.dta saved

. 
. log close
      name:  <unnamed>
       log:  /Users/lsh152058/Desktop/GitHub/ethnicity-short-data-report/lo
> gs/00_describe_snomed_ethnicity.log
  log type:  text
 closed on:  22 Jul 2021, 11:38:38
---------------------------------------------------------------------------
